2025-04-29 15:09:54,117 - ERROR - ValueError, can't fetch metadata. invalid connection details, check your username, password, or host!. USERNAME: admin
2025-04-29 15:30:19,733 - INFO - User AI query: get me all authors.. USERNAME: admin
2025-04-29 15:30:23,028 - INFO - AI response: {'responder': 'DB', 'content': 'SELECT * FROM authors;'}. USERNAME: admin
2025-04-29 15:30:23,028 - ERROR - Exception, query AI failed. ServerManager._queryDB() missing 1 required positional argument: 'db_query'. USERNAME: admin
2025-04-29 15:31:05,608 - INFO - User AI query: get me all authors.. USERNAME: admin
2025-04-29 15:31:08,237 - INFO - AI response: {'responder': 'DB', 'content': 'SELECT * FROM authors;'}. USERNAME: admin
2025-04-29 15:31:16,721 - INFO - Execution success rate: 1 out of 1 executed successfully. USERNAME: admin
2025-04-29 15:34:38,551 - INFO - DB query: SELECT * FROM authors;. USERNAME: admin
2025-04-29 15:34:46,929 - INFO - Execution success rate: 1 out of 1 executed successfully. USERNAME: admin
2025-04-29 15:44:36,558 - INFO - DB query: SELECT * FROM authors;. USERNAME: admin
2025-04-29 15:44:44,826 - INFO - Execution success rate: 1 out of 1 executed successfully. USERNAME: admin
2025-04-29 15:44:51,298 - INFO - User AI query: get me all authors.. USERNAME: admin
2025-04-29 15:44:54,068 - INFO - AI response: {'responder': 'DB', 'content': 'SELECT * FROM authors;'}. USERNAME: admin
2025-04-29 15:45:02,344 - INFO - Execution success rate: 1 out of 1 executed successfully. USERNAME: admin
2025-04-29 16:47:35,020 - INFO - User AI query: hello. USERNAME: admin
2025-04-29 16:47:38,949 - INFO - AI response: {'responder': 'NONE', 'content': 'Hello! How can I assist you today? If you have any questions about databases, queries, or anything else, feel free to ask!'}. USERNAME: admin
2025-04-29 16:47:51,040 - INFO - User AI query: What tables do I have?. USERNAME: admin
2025-04-29 16:47:55,599 - INFO - AI response: {'responder': 'AI', 'content': 'You have two tables in your database:  1. **books**    - Columns:      - id (INTEGER, primary key)      - title (TEXT, not nullable)      - author_id (INTEGER, foreign key referencing authors.id, not nullable)      - published_year (INTEGER, not nullable)      - price (NUMERIC(10, 2), not nullable)  2. **authors**    - Columns:      - id (INTEGER, primary key)      - name (TEXT, not nullable)'}. USERNAME: admin
2025-04-29 16:48:18,842 - INFO - User AI query: get me all authors. USERNAME: admin
2025-04-29 16:48:21,440 - INFO - AI response: {'responder': 'DB', 'content': 'SELECT * FROM authors;'}. USERNAME: admin
2025-04-29 16:48:29,708 - INFO - Execution success rate: 1 out of 1 executed successfully. USERNAME: admin
2025-04-29 16:48:41,285 - INFO - DB query: SELECT * FROM books;. USERNAME: admin
2025-04-29 16:48:49,516 - INFO - Execution success rate: 1 out of 1 executed successfully. USERNAME: admin
2025-04-30 02:19:38,611 - INFO - User AI query: Get me all tables. USERNAME: admin
2025-04-30 02:19:40,773 - INFO - AI response: {'responder': 'DB', 'content': "SELECT table_name FROM information_schema.tables WHERE table_schema = 'public';"}. USERNAME: admin
2025-04-30 02:19:48,494 - INFO - Execution success rate: 1 out of 1 executed successfully. USERNAME: admin
2025-04-30 02:19:54,502 - INFO - User AI query: show me all tables. USERNAME: admin
2025-04-30 02:19:56,173 - INFO - AI response: {'responder': 'DB', 'content': "SELECT table_name FROM information_schema.tables WHERE table_schema = 'public';"}. USERNAME: admin
2025-04-30 02:20:03,771 - INFO - Execution success rate: 1 out of 1 executed successfully. USERNAME: admin
2025-04-30 02:20:11,139 - INFO - User AI query: I want all tables. USERNAME: admin
2025-04-30 02:20:12,975 - INFO - AI response: {'responder': 'DB', 'content': "SELECT table_name FROM information_schema.tables WHERE table_schema = 'public';"}. USERNAME: admin
2025-04-30 02:20:20,812 - INFO - Execution success rate: 1 out of 1 executed successfully. USERNAME: admin
2025-04-30 02:20:29,481 - INFO - User AI query: show me all tables. USERNAME: admin
2025-04-30 02:20:31,359 - INFO - AI response: {'responder': 'DB', 'content': "SELECT table_name FROM information_schema.tables WHERE table_schema = 'public';"}. USERNAME: admin
2025-04-30 02:20:39,212 - INFO - Execution success rate: 1 out of 1 executed successfully. USERNAME: admin
2025-04-30 02:20:42,658 - INFO - User AI query: show me all tables. USERNAME: admin
2025-04-30 02:20:44,572 - INFO - AI response: {'responder': 'DB', 'content': "SELECT table_name FROM information_schema.tables WHERE table_schema = 'public';"}. USERNAME: admin
2025-04-30 02:20:52,252 - INFO - Execution success rate: 1 out of 1 executed successfully. USERNAME: admin
2025-04-30 02:21:01,361 - INFO - User AI query: get me all tables. USERNAME: admin
2025-04-30 02:21:03,095 - INFO - AI response: {'responder': 'DB', 'content': "SELECT table_name FROM information_schema.tables WHERE table_schema = 'public';"}. USERNAME: admin
2025-04-30 02:21:10,788 - INFO - Execution success rate: 1 out of 1 executed successfully. USERNAME: admin
2025-04-30 02:21:12,911 - INFO - User AI query: get me all tables. USERNAME: admin
2025-04-30 02:21:15,014 - INFO - AI response: {'responder': 'DB', 'content': "SELECT table_name FROM information_schema.tables WHERE table_schema = 'public';"}. USERNAME: admin
2025-04-30 02:21:22,732 - INFO - Execution success rate: 1 out of 1 executed successfully. USERNAME: admin
2025-04-30 02:44:30,246 - INFO - AI response: {'responder': 'DB', 'content': "SELECT books.title FROM books JOIN authors ON books.author_id = authors.id WHERE authors.name = 'TOLKEIN';"}. USERNAME: admin
2025-04-30 02:44:38,286 - INFO - Execution success rate: 1 out of 1 executed successfully. USERNAME: admin
2025-04-30 02:46:00,325 - INFO - AI response: {'responder': 'DB', 'content': 'SELECT * FROM authors;'}. USERNAME: admin
2025-04-30 02:46:08,323 - INFO - Execution success rate: 1 out of 1 executed successfully. USERNAME: admin
2025-04-30 02:46:28,645 - INFO - AI response: {'responder': 'DB', 'content': "SELECT b.title FROM books b JOIN authors a ON b.author_id = a.id WHERE a.name = 'J.R.R. Tolkien';"}. USERNAME: admin
2025-04-30 02:46:36,218 - INFO - Execution success rate: 1 out of 1 executed successfully. USERNAME: admin
2025-04-30 02:46:47,284 - INFO - AI response: {'responder': 'DB', 'content': "SELECT * FROM books WHERE author_id = (SELECT id FROM authors WHERE name = 'J.R.R. Tolkien') AND published_year >= 1950;"}. USERNAME: admin
2025-04-30 02:46:54,803 - INFO - Execution success rate: 1 out of 1 executed successfully. USERNAME: admin
2025-04-30 02:47:38,207 - INFO - AI response: {'responder': 'DB', 'content': "SELECT * FROM books WHERE author_id = (SELECT id FROM authors WHERE name = 'J.R.R. Tolkien') AND published_year = 1950;"}. USERNAME: admin
2025-04-30 02:47:46,082 - INFO - Execution success rate: 1 out of 1 executed successfully. USERNAME: admin
2025-04-30 02:48:05,154 - INFO - AI response: {'responder': 'DB', 'content': "SELECT * FROM books WHERE author_id = (SELECT id FROM authors WHERE name = 'J.R.R. Tolkien') AND published_year = 1950;"}. USERNAME: admin
2025-04-30 02:48:12,883 - INFO - Execution success rate: 1 out of 1 executed successfully. USERNAME: admin
2025-04-30 02:49:25,685 - INFO - AI response: {'responder': 'DB', 'content': 'SELECT * FROM books;'}. USERNAME: admin
2025-04-30 02:49:33,523 - INFO - Execution success rate: 1 out of 1 executed successfully. USERNAME: admin
2025-04-30 02:51:52,621 - INFO - User AI query: תביא לי את כל הספרים. USERNAME: admin
2025-04-30 02:51:54,723 - INFO - AI response: {'responder': 'DB', 'content': 'SELECT * FROM books;'}. USERNAME: admin
2025-04-30 02:52:02,802 - INFO - Execution success rate: 1 out of 1 executed successfully. USERNAME: admin
2025-04-30 02:52:58,974 - INFO - User AI query: תראה לי את כל הסופרים. USERNAME: admin
2025-04-30 02:53:01,010 - INFO - AI response: {'responder': 'DB', 'content': 'SELECT * FROM authors;'}. USERNAME: admin
2025-04-30 02:53:08,527 - INFO - Execution success rate: 1 out of 1 executed successfully. USERNAME: admin
2025-04-30 02:53:22,222 - INFO - User AI query: אני רוצה את כל הספרים של J.R.R. Tolkien משנת 1950. USERNAME: admin
2025-04-30 02:53:24,443 - INFO - AI response: {'responder': 'DB', 'content': "SELECT * FROM books WHERE author_id = (SELECT id FROM authors WHERE name = 'J.R.R. Tolkien') AND published_year = 1950;"}. USERNAME: admin
2025-04-30 02:53:32,323 - INFO - Execution success rate: 1 out of 1 executed successfully. USERNAME: admin
